
> autoapp@1.0.0 start
> expo start --host lan --port 8083

Starting project at C:\Users\haluk\PROJECTS\AutoTrack\AutoApp
React Compiler enabled
Starting Metro Bundler
The following packages should be updated for best compatibility with the installed expo version:
  expo@54.0.25 - expected version: ~54.0.35
  expo-constants@18.0.10 - expected version: ~18.0.13
  expo-font@14.0.9 - expected version: ~14.0.12
  expo-haptics@15.0.7 - expected version: ~15.0.8
  expo-image@3.0.10 - expected version: ~3.0.11
  expo-linking@8.0.9 - expected version: ~8.0.12
  expo-router@6.0.15 - expected version: ~6.0.24
  expo-splash-screen@31.0.11 - expected version: ~31.0.13
  expo-status-bar@3.0.8 - expected version: ~3.0.9
  expo-symbols@1.0.7 - expected version: ~1.0.8
  expo-system-ui@6.0.8 - expected version: ~6.0.9
  expo-web-browser@15.0.9 - expected version: ~15.0.11
Your project may not work correctly until you install the expected versions of the packages.
Waiting on http://localhost:8083
Logs for your project will appear below.
